INFO:backend.api.v1.tts:已加载6条TTS历史记录
INFO:     Started server process [162481]
INFO:     Waiting for application startup.
INFO:     Application startup complete.
INFO:     Uvicorn running on http://0.0.0.0:8000 (Press CTRL+C to quit)
INFO:     127.0.0.1:49522 - "GET /api/v1/tts/voices HTTP/1.1" 200 OK
INFO:     127.0.0.1:49524 - "GET / HTTP/1.1" 200 OK
INFO:backend.api.v1.tts:当前系统状态: CPU使用率=17.5%, 内存使用率=50.3%, 活动TTS任务=0
INFO:backend.api.v1.tts:根据音色名称选择样本文件: 女声
INFO:backend.api.v1.tts:在默认样本目录找到音色(加扩展名): /home/hoey/桌面/PARROT-master/MegaTTS3/assets/女声.wav
INFO:backend.api.v1.tts:最终选定的音色样本文件: /home/hoey/桌面/PARROT-master/MegaTTS3/assets/女声.wav
INFO:     127.0.0.1:49522 - "POST /api/v1/tts/generate HTTP/1.1" 200 OK
INFO:backend.api.v1.tts:已保存7条TTS历史记录
INFO:backend.api.v1.tts:开始处理TTS任务: 8867b99e-5414-43ed-aee7-e5fb71d307a1, 文本长度: 15字符
INFO:backend.api.v1.tts:执行命令: python /home/hoey/桌面/PARROT-master/MegaTTS3/tts/infer_cli.py --input_wav /home/hoey/桌面/PARROT-master/MegaTTS3/assets/女声.wav --input_text 111111111111111 --output_dir /home/hoey/桌面/PARROT-master/storage/outputs --p_w 2.0 --t_w 3.0
INFO:backend.api.v1.tts:当前工作目录: /home/hoey/桌面/PARROT-master/MegaTTS3
INFO:backend.api.v1.tts:环境变量PYTHONPATH: /home/hoey/桌面/PARROT-master/MegaTTS3:
INFO:backend.api.v1.tts:开始执行MegaTTS3命令: python /home/hoey/桌面/PARROT-master/MegaTTS3/tts/infer_cli.py --input_wav /home/hoey/桌面/PARROT-master/MegaTTS3/assets/女声.wav --input_text 111111111111111 --output_dir /home/hoey/桌面/PARROT-master/storage/outputs --p_w 2.0 --t_w 3.0
INFO:     127.0.0.1:48078 - "GET /api/v1/tts/history HTTP/1.1" 200 OK
INFO:     127.0.0.1:48078 - "OPTIONS /api/v1/tts/history/e15cf85d-88c0-4e98-8980-b3ff7ae900c5 HTTP/1.1" 200 OK
INFO:     127.0.0.1:48078 - "DELETE /api/v1/tts/history/e15cf85d-88c0-4e98-8980-b3ff7ae900c5 HTTP/1.1" 200 OK
INFO:backend.api.v1.tts:已保存6条TTS历史记录
INFO:     127.0.0.1:48078 - "OPTIONS /api/v1/tts/history/3a3392b0-fcab-4427-8e6c-47454ec160f2 HTTP/1.1" 200 OK
INFO:     127.0.0.1:48078 - "DELETE /api/v1/tts/history/3a3392b0-fcab-4427-8e6c-47454ec160f2 HTTP/1.1" 200 OK
INFO:backend.api.v1.tts:已保存5条TTS历史记录
INFO:backend.api.v1.tts:MegaTTS3命令执行完成
ERROR:backend.api.v1.tts:TTS生成失败，返回码: 1
ERROR:backend.api.v1.tts:标准输出: | loaded 'dur_model' from './checkpoints/duration_lm/model_only_last.ckpt'.
| Missing keys: 0, Unexpected keys: 0
| loaded 'dit' from './checkpoints/diffusion_transformer/model_only_last.ckpt'.
| Missing keys: 0, Unexpected keys: 9
| loaded 'model' from './checkpoints/aligner_lm/model_only_last.ckpt'.
| Missing keys: 0, Unexpected keys: 0
Loading G2P model from ./checkpoints/g2p
G2P model loaded successfully
| loaded 'model_gen' from './checkpoints/wavvae/decoder.ckpt'.
| Missing keys: 74, Unexpected keys: 0
| Start processing /home/hoey/桌面/PARROT-master/MegaTTS3/assets/女声.wav+111111111111111

ERROR:backend.api.v1.tts:标准错误: /home/hoey/miniconda3/lib/python3.12/site-packages/torch/nn/utils/weight_norm.py:28: UserWarning: torch.nn.utils.weight_norm is deprecated in favor of torch.nn.utils.parametrizations.weight_norm.
  warnings.warn("torch.nn.utils.weight_norm is deprecated in favor of torch.nn.utils.parametrizations.weight_norm.")
2025-04-03 16:23:28,015 WETEXT INFO found existing fst: /home/hoey/miniconda3/lib/python3.12/site-packages/tn/zh_tn_tagger.fst
2025-04-03 16:23:28,015 WETEXT INFO                     /home/hoey/miniconda3/lib/python3.12/site-packages/tn/zh_tn_verbalizer.fst
2025-04-03 16:23:28,015 WETEXT INFO skip building fst for zh_normalizer ...
2025-04-03 16:23:28,641 WETEXT INFO found existing fst: /home/hoey/miniconda3/lib/python3.12/site-packages/tn/en_tn_tagger.fst
2025-04-03 16:23:28,641 WETEXT INFO                     /home/hoey/miniconda3/lib/python3.12/site-packages/tn/en_tn_verbalizer.fst
2025-04-03 16:23:28,642 WETEXT INFO skip building fst for en_normalizer ...
/home/hoey/miniconda3/lib/python3.12/site-packages/torch/amp/autocast_mode.py:250: UserWarning: User provided device_type of 'cuda', but CUDA is not available. Disabling
  warnings.warn(
Traceback (most recent call last):
  File "/home/hoey/桌面/PARROT-master/MegaTTS3/tts/infer_cli.py", line 283, in <module>
    wav_bytes = infer_ins.forward(resource_context, input_text, time_step=time_step, p_w=p_w, t_w=t_w)
                ^^^^^^^^^^^^^^^^^^^^^^^^^^^^^^^^^^^^^^^^^^^^^^^^^^^^^^^^^^^^^^^^^^^^^^^^^^^^^^^^^^^^^^
  File "/home/hoey/桌面/PARROT-master/MegaTTS3/tts/infer_cli.py", line 224, in forward
    language_type = classify_language(input_text)
                    ^^^^^^^^^^^^^^^^^^^^^^^^^^^^^
  File "/home/hoey/miniconda3/lib/python3.12/site-packages/langdetect/detector_factory.py", line 130, in detect
    return detector.detect()
           ^^^^^^^^^^^^^^^^^
  File "/home/hoey/miniconda3/lib/python3.12/site-packages/langdetect/detector.py", line 136, in detect
    probabilities = self.get_probabilities()
                    ^^^^^^^^^^^^^^^^^^^^^^^^
  File "/home/hoey/miniconda3/lib/python3.12/site-packages/langdetect/detector.py", line 143, in get_probabilities
    self._detect_block()
  File "/home/hoey/miniconda3/lib/python3.12/site-packages/langdetect/detector.py", line 150, in _detect_block
    raise LangDetectException(ErrorCode.CantDetectError, 'No features in text.')
langdetect.lang_detect_exception.LangDetectException: No features in text.

ERROR:backend.api.v1.tts:任务失败: {"task_id": "8867b99e-5414-43ed-aee7-e5fb71d307a1", "status": "failed", "processing_time": 0, "error": "/home/hoey/miniconda3/lib/python3.12/site-packages/torch/nn/utils/weight_norm.py:28: UserWarning: torch.nn.utils.weight_norm is deprecated in favor of torch.nn.utils.parametrizations.weight_norm.\n  warnings.warn(\"torch.nn.utils.weight_norm is deprecated in favor of torch.nn.utils.parametrizations.weight_norm.\")\n2025-04-03 16:23:28,015 WETEXT INFO found existing fst: /home/hoey/miniconda3/lib/python3.12/site-packages/tn/zh_tn_tagger.fst\n2025-04-03 16:23:28,015 WETEXT INFO                     /home/hoey/miniconda3/lib/python3.12/site-packages/tn/zh_tn_verbalizer.fst\n2025-04-03 16:23:28,015 WETEXT INFO skip building fst for zh_normalizer ...\n2025-04-03 16:23:28,641 WETEXT INFO found existing fst: /home/hoey/miniconda3/lib/python3.12/site-packages/tn/en_tn_tagger.fst\n2025-04-03 16:23:28,641 WETEXT INFO                     /home/hoey/miniconda3/lib/python3.12/site-packages/tn/en_tn_verbalizer.fst\n2025-04-03 16:23:28,642 WETEXT INFO skip building fst for en_normalizer ...\n/home/hoey/miniconda3/lib/python3.12/site-packages/torch/amp/autocast_mode.py:250: UserWarning: User provided device_type of 'cuda', but CUDA is not available. Disabling\n  warnings.warn(\nTraceback (most recent call last):\n  File \"/home/hoey/桌面/PARROT-master/MegaTTS3/tts/infer_cli.py\", line 283, in <module>\n    wav_bytes = infer_ins.forward(resource_context, input_text, time_step=time_step, p_w=p_w, t_w=t_w)\n                ^^^^^^^^^^^^^^^^^^^^^^^^^^^^^^^^^^^^^^^^^^^^^^^^^^^^^^^^^^^^^^^^^^^^^^^^^^^^^^^^^^^^^^\n  File \"/home/hoey/桌面/PARROT-master/MegaTTS3/tts/infer_cli.py\", line 224, in forward\n    language_type = classify_language(input_text)\n                    ^^^^^^^^^^^^^^^^^^^^^^^^^^^^^\n  File \"/home/hoey/miniconda3/lib/python3.12/site-packages/langdetect/detector_factory.py\", line 130, in detect\n    return detector.detect()\n           ^^^^^^^^^^^^^^^^^\n  File \"/home/hoey/miniconda3/lib/python3.12/site-packages/langdetect/detector.py\", line 136, in detect\n    probabilities = self.get_probabilities()\n                    ^^^^^^^^^^^^^^^^^^^^^^^^\n  File \"/home/hoey/miniconda3/lib/python3.12/site-packages/langdetect/detector.py\", line 143, in get_probabilities\n    self._detect_block()\n  File \"/home/hoey/miniconda3/lib/python3.12/site-packages/langdetect/detector.py\", line 150, in _detect_block\n    raise LangDetectException(ErrorCode.CantDetectError, 'No features in text.')\nlangdetect.lang_detect_exception.LangDetectException: No features in text.\n"}
